<?xml version="1.0" encoding="UTF-8"?>
<testsuite xmlns:xsi="http://www.w3.org/2001/XMLSchema-instance" xsi:schemaLocation="https://maven.apache.org/surefire/maven-surefire-plugin/xsd/surefire-test-report.xsd" name="com.ykapps.bigmovie.AppTest" time="2.822" tests="1" errors="1" skipped="0" failures="0">
  <properties>
    <property name="idea.version" value="2017.3.2"/>
    <property name="java.runtime.name" value="Java(TM) SE Runtime Environment"/>
    <property name="java.vm.version" value="9.0.1+11"/>
    <property name="sun.boot.library.path" value="/home/amorandron/.sdkman/candidates/java/9.0.1-oracle/lib"/>
    <property name="maven.multiModuleProjectDirectory" value="/home/amorandron/Projects/NHL Opdrachten/Project Big Movie/P6P-5/bigmovie/dataprocessor"/>
    <property name="java.vm.vendor" value="Oracle Corporation"/>
    <property name="java.vendor.url" value="http://java.oracle.com/"/>
    <property name="guice.disable.misplaced.annotation.check" value="true"/>
    <property name="path.separator" value=":"/>
    <property name="java.vm.name" value="Java HotSpot(TM) 64-Bit Server VM"/>
    <property name="file.encoding.pkg" value="sun.io"/>
    <property name="sun.os.patch.level" value="unknown"/>
    <property name="user.country" value="US"/>
    <property name="sun.java.launcher" value="SUN_STANDARD"/>
    <property name="java.vm.specification.name" value="Java Virtual Machine Specification"/>
    <property name="user.dir" value="/home/amorandron/Projects/NHL Opdrachten/Project Big Movie/P6P-5/bigmovie/dataprocessor"/>
    <property name="java.vm.compressedOopsMode" value="Zero based"/>
    <property name="java.runtime.version" value="9.0.1+11"/>
    <property name="java.awt.graphicsenv" value="sun.awt.X11GraphicsEnvironment"/>
    <property name="os.arch" value="amd64"/>
    <property name="java.io.tmpdir" value="/tmp"/>
    <property name="line.separator" value="&#10;"/>
    <property name="java.vm.specification.vendor" value="Oracle Corporation"/>
    <property name="os.name" value="Linux"/>
    <property name="classworlds.conf" value="/home/amorandron/.local/share/JetBrains/Toolbox/apps/IDEA-U/ch-0/173.4127.27/plugins/maven/lib/maven3/bin/m2.conf"/>
    <property name="sun.jnu.encoding" value="UTF-8"/>
    <property name="java.library.path" value="/usr/java/packages/lib:/usr/lib64:/lib64:/lib:/usr/lib"/>
    <property name="jdk.debug" value="release"/>
    <property name="java.class.version" value="53.0"/>
    <property name="java.specification.name" value="Java Platform API Specification"/>
    <property name="sun.management.compiler" value="HotSpot 64-Bit Tiered Compilers"/>
    <property name="os.version" value="4.15.0-1-MANJARO"/>
    <property name="user.home" value="/home/amorandron"/>
    <property name="user.timezone" value="Europe/Amsterdam"/>
    <property name="java.awt.printerjob" value="sun.print.PSPrinterJob"/>
    <property name="file.encoding" value="UTF-8"/>
    <property name="java.specification.version" value="9"/>
    <property name="user.name" value="amorandron"/>
    <property name="java.class.path" value="/home/amorandron/.local/share/JetBrains/Toolbox/apps/IDEA-U/ch-0/173.4127.27/plugins/maven/lib/maven3/boot/plexus-classworlds-2.5.2.jar"/>
    <property name="java.vm.specification.version" value="9"/>
    <property name="sun.arch.data.model" value="64"/>
    <property name="sun.java.command" value="org.codehaus.classworlds.Launcher -Didea.version=2017.3.2 install"/>
    <property name="java.home" value="/home/amorandron/.sdkman/candidates/java/9.0.1-oracle"/>
    <property name="user.language" value="en"/>
    <property name="java.specification.vendor" value="Oracle Corporation"/>
    <property name="awt.toolkit" value="sun.awt.X11.XToolkit"/>
    <property name="java.vm.info" value="mixed mode"/>
    <property name="java.version" value="9.0.1"/>
    <property name="securerandom.source" value="file:/dev/./urandom"/>
    <property name="java.vendor" value="Oracle Corporation"/>
    <property name="maven.home" value="/home/amorandron/.local/share/JetBrains/Toolbox/apps/IDEA-U/ch-0/173.4127.27/plugins/maven/lib/maven3"/>
    <property name="file.separator" value="/"/>
    <property name="java.vendor.url.bug" value="http://bugreport.java.com/bugreport/"/>
    <property name="sun.io.unicode.encoding" value="UnicodeLittle"/>
    <property name="sun.cpu.endian" value="little"/>
    <property name="sun.cpu.isalist" value=""/>
  </properties>
  <testcase name="unitTest" classname="com.ykapps.bigmovie.AppTest" time="0.075">
    <error message="org.jooby.Result cannot be cast to java.base/java.lang.String" type="java.lang.ClassCastException">java.lang.ClassCastException: org.jooby.Result cannot be cast to java.base/java.lang.String
	at com.ykapps.bigmovie.AppTest.unitTest(AppTest.java:26)
</error>
    <system-out><![CDATA[[2018-01-17 09:46:47,795]-[main] INFO  com.zaxxer.hikari.HikariDataSource - postgresql.bigmovie - Starting...
[2018-01-17 09:46:47,923]-[main] INFO  com.zaxxer.hikari.pool.PoolBase - postgresql.bigmovie - Driver does not support get/set network timeout for connections. (Method org.postgresql.jdbc.PgConnection.getNetworkTimeout() is not yet implemented.)
[2018-01-17 09:46:47,985]-[main] INFO  com.zaxxer.hikari.HikariDataSource - postgresql.bigmovie - Start completed.
[2018-01-17 09:46:48,358]-[main] INFO  bigmovie - 
_______        ____              _______                                                    
__  __ \_____ __  /______ _      __  __ \____________ __________ ___________________ _______
_  / / /  __ `/  __/  __ `/      _  /_/ /_  ___/  __ \  ___/  _ \_  ___/_  ___/  __ \_  ___/
  /_/ /  /_/ /  /_   /_/ /         ____/   /     /_/ / /__    __/(__  ) (__  )  /_/ /  /    
_____/  __,_/  __/  __,_/        _/      _/     ____/ ___/  ___/ ____/  ____/  ____/ _/ v0.0.0

[2018-01-17 09:46:49,868]-[main] INFO  com.zaxxer.hikari.HikariDataSource - postgresql.bigmovie - Shutdown initiated...
[2018-01-17 09:46:49,871]-[main] INFO  com.zaxxer.hikari.HikariDataSource - postgresql.bigmovie - Shutdown completed.
[2018-01-17 09:46:49,875]-[main] INFO  com.ykapps.bigmovie.App - Stopped
[2018-01-17 09:46:49,877]-[main] ERROR com.ykapps.bigmovie.App - An error occurred while starting the application:
org.renjin.eval.EvalException: error in evaluating the argument 'drv' in selecting a method for function 'dbConnect'
	at org.renjin.methods.MethodDispatch.R_dispatchGeneric(MethodDispatch.java:193)
	at org.renjin.methods.MethodDispatch.standardGeneric(MethodDispatch.java:137)
	at org.renjin.methods.Methods.standardGeneric(Methods.java:369)
	at org.renjin.primitives.R$primitive$standardGeneric.doApply(R$primitive$standardGeneric.java:79)
	at org.renjin.primitives.R$primitive$standardGeneric.apply(R$primitive$standardGeneric.java:33)
	at org.renjin.eval.Context.evaluateCall(Context.java:407)
	at org.renjin.eval.Context.evaluate(Context.java:282)
	at org.renjin.eval.Context.evaluate(Context.java:264)
	at org.renjin.primitives.special.AssignLeftFunction.assignLeft(AssignLeftFunction.java:57)
	at org.renjin.primitives.special.AssignLeftFunction.apply(AssignLeftFunction.java:41)
	at org.renjin.eval.Context.evaluateCall(Context.java:407)
	at org.renjin.eval.Context.evaluate(Context.java:282)
	at org.renjin.eval.Context.evaluate(Context.java:264)
	at org.renjin.primitives.special.BeginFunction.apply(BeginFunction.java:38)
	at org.renjin.eval.Context.evaluateCall(Context.java:407)
	at org.renjin.eval.Context.evaluate(Context.java:282)
	at org.renjin.eval.Context.evaluate(Context.java:264)
	at org.renjin.eval.Context.evaluate(Context.java:198)
	at org.renjin.sexp.Closure.doApply(Closure.java:98)
	at org.renjin.eval.ClosureDispatcher.apply(ClosureDispatcher.java:80)
	at org.renjin.eval.ClosureDispatcher.applyClosure(ClosureDispatcher.java:51)
	at org.renjin.sexp.Closure.apply(Closure.java:83)
	at org.renjin.eval.Context.evaluateCall(Context.java:407)
	at org.renjin.eval.Context.evaluate(Context.java:282)
	at org.renjin.eval.Context.evaluate(Context.java:264)
	at org.renjin.primitives.special.AssignLeftFunction.assignLeft(AssignLeftFunction.java:57)
	at org.renjin.primitives.special.AssignLeftFunction.apply(AssignLeftFunction.java:41)
	at org.renjin.eval.Context.evaluateCall(Context.java:407)
	at org.renjin.eval.Context.evaluate(Context.java:282)
	at org.renjin.eval.Context.evaluate(Context.java:264)
	at org.renjin.eval.Context.evaluateExpressionVector(Context.java:390)
	at org.renjin.eval.Context.evaluate(Context.java:280)
	at org.renjin.eval.Context.evaluate(Context.java:264)
	at org.renjin.script.RenjinScriptEngine.eval(RenjinScriptEngine.java:168)
	at org.renjin.script.RenjinScriptEngine.eval(RenjinScriptEngine.java:127)
	at com.ykapps.bigmovie.util.RRunner.run(RRunner.java:81)
	at com.ykapps.bigmovie.util.RRunner.runDb(RRunner.java:50)
	at com.ykapps.bigmovie.App.lambda$new$1(App.java:48)
	at org.jooby.funzy.Throwing.runAction(Throwing.java:2415)
	at org.jooby.funzy.Throwing.access$000(Throwing.java:39)
	at org.jooby.funzy.Throwing$Runnable.run(Throwing.java:86)
	at org.jooby.LifeCycle.lambda$onStart$6(LifeCycle.java:470)
	at org.jooby.funzy.Throwing$Consumer.lambda$accept$0(Throwing.java:273)
	at org.jooby.funzy.Throwing.runAction(Throwing.java:2415)
	at org.jooby.funzy.Throwing.access$000(Throwing.java:39)
	at org.jooby.funzy.Throwing$Consumer.accept(Throwing.java:273)
	at org.jooby.Jooby.start(Jooby.java:2204)
	at org.jooby.Jooby.start(Jooby.java:2163)
	at org.jooby.test.JoobyRule.before(JoobyRule.java:300)
	at org.junit.rules.ExternalResource$1.evaluate(ExternalResource.java:46)
	at org.junit.rules.RunRules.evaluate(RunRules.java:20)
	at org.junit.runners.ParentRunner.run(ParentRunner.java:363)
	at org.apache.maven.surefire.junit4.JUnit4Provider.execute(JUnit4Provider.java:367)
	at org.apache.maven.surefire.junit4.JUnit4Provider.executeWithRerun(JUnit4Provider.java:274)
	at org.apache.maven.surefire.junit4.JUnit4Provider.executeTestSet(JUnit4Provider.java:238)
	at org.apache.maven.surefire.junit4.JUnit4Provider.invoke(JUnit4Provider.java:161)
	at org.apache.maven.surefire.booter.ForkedBooter.invokeProviderInSameClassLoader(ForkedBooter.java:290)
	at org.apache.maven.surefire.booter.ForkedBooter.runSuitesInProcess(ForkedBooter.java:242)
	at org.apache.maven.surefire.booter.ForkedBooter.main(ForkedBooter.java:121)
Caused by: org.renjin.eval.EvalException: could not find function 'RPostgreSQL'
	at org.renjin.eval.Context.evaluateFunction(Context.java:433)
	at org.renjin.eval.Context.evaluateCall(Context.java:400)
	at org.renjin.eval.Context.evaluate(Context.java:282)
	at org.renjin.sexp.Promise.doEval(Promise.java:92)
	at org.renjin.sexp.Promise.force(Promise.java:86)
	at org.renjin.eval.Context.evaluateSymbol(Context.java:345)
	at org.renjin.eval.Context.evaluate(Context.java:278)
	at org.renjin.eval.Context.evaluate(Context.java:264)
	at org.renjin.methods.MethodDispatch.R_dispatchGeneric(MethodDispatch.java:191)
	... 58 common frames omitted
]]></system-out>
    <system-err><![CDATA[Jan 17, 2018 9:46:48 AM org.apache.commons.vfs2.impl.DefaultFileSystemManager info
INFO: Using "/tmp/vfs_cache" as temporary files store.
]]></system-err>
  </testcase>
</testsuite>